<?xml version="1.0" encoding="UTF-8"?>
<testsuite xmlns:xsi="http://www.w3.org/2001/XMLSchema-instance" xsi:noNamespaceSchemaLocation="https://maven.apache.org/surefire/maven-surefire-plugin/xsd/surefire-test-report.xsd" version="3.0.2" name="com.tutoringplatform.services.ReviewServiceTest" time="0.072" tests="8" errors="0" skipped="0" failures="0">
  <properties>
[...]
</properties>
  <testcase name="testCreateReview" classname="com.tutoringplatform.services.ReviewServiceTest" time="0.028">
    <system-out><![CDATA[20:40:56.008 [main] DEBUG org.springframework.test.util.ReflectionTestUtils - Setting field 'reviewRepository' of type [null] on target object [com.tutoringplatform.services.ReviewService@701a32] or target class [class com.tutoringplatform.services.ReviewService] to value [reviewRepository]
20:40:56.008 [main] DEBUG org.springframework.test.util.ReflectionTestUtils - Setting field 'bookingRepository' of type [null] on target object [com.tutoringplatform.services.ReviewService@701a32] or target class [class com.tutoringplatform.services.ReviewService] to value [bookingRepository]
20:40:56.009 [main] DEBUG org.springframework.test.util.ReflectionTestUtils - Setting field 'tutorRepository' of type [null] on target object [com.tutoringplatform.services.ReviewService@701a32] or target class [class com.tutoringplatform.services.ReviewService] to value [tutorRepository]
20:40:56.009 [main] DEBUG org.springframework.test.util.ReflectionTestUtils - Setting field 'studentRepository' of type [null] on target object [com.tutoringplatform.services.ReviewService@701a32] or target class [class com.tutoringplatform.services.ReviewService] to value [studentRepository]
]]></system-out>
  </testcase>
  <testcase name="testCreateReview" classname="com.tutoringplatform.services.ReviewServiceTest" time="0.005">
    <system-out><![CDATA[20:40:56.247 [main] DEBUG org.springframework.test.util.ReflectionTestUtils - Setting field 'reviewRepository' of type [null] on target object [com.tutoringplatform.services.ReviewService@464a4442] or target class [class com.tutoringplatform.services.ReviewService] to value [reviewRepository]
20:40:56.248 [main] DEBUG org.springframework.test.util.ReflectionTestUtils - Setting field 'bookingRepository' of type [null] on target object [com.tutoringplatform.services.ReviewService@464a4442] or target class [class com.tutoringplatform.services.ReviewService] to value [bookingRepository]
20:40:56.248 [main] DEBUG org.springframework.test.util.ReflectionTestUtils - Setting field 'tutorRepository' of type [null] on target object [com.tutoringplatform.services.ReviewService@464a4442] or target class [class com.tutoringplatform.services.ReviewService] to value [tutorRepository]
20:40:56.248 [main] DEBUG org.springframework.test.util.ReflectionTestUtils - Setting field 'studentRepository' of type [null] on target object [com.tutoringplatform.services.ReviewService@464a4442] or target class [class com.tutoringplatform.services.ReviewService] to value [studentRepository]
]]></system-out>
  </testcase>
  <testcase name="testCreateReviewAlreadyExists" classname="com.tutoringplatform.services.ReviewServiceTest" time="0.005">
    <system-out><![CDATA[20:40:56.016 [main] DEBUG org.springframework.test.util.ReflectionTestUtils - Setting field 'reviewRepository' of type [null] on target object [com.tutoringplatform.services.ReviewService@40620d8e] or target class [class com.tutoringplatform.services.ReviewService] to value [reviewRepository]
20:40:56.017 [main] DEBUG org.springframework.test.util.ReflectionTestUtils - Setting field 'bookingRepository' of type [null] on target object [com.tutoringplatform.services.ReviewService@40620d8e] or target class [class com.tutoringplatform.services.ReviewService] to value [bookingRepository]
20:40:56.017 [main] DEBUG org.springframework.test.util.ReflectionTestUtils - Setting field 'tutorRepository' of type [null] on target object [com.tutoringplatform.services.ReviewService@40620d8e] or target class [class com.tutoringplatform.services.ReviewService] to value [tutorRepository]
20:40:56.018 [main] DEBUG org.springframework.test.util.ReflectionTestUtils - Setting field 'studentRepository' of type [null] on target object [com.tutoringplatform.services.ReviewService@40620d8e] or target class [class com.tutoringplatform.services.ReviewService] to value [studentRepository]
]]></system-out>
  </testcase>
  <testcase name="testCreateReviewAlreadyExists" classname="com.tutoringplatform.services.ReviewServiceTest" time="0.008">
    <system-out><![CDATA[20:40:56.253 [main] DEBUG org.springframework.test.util.ReflectionTestUtils - Setting field 'reviewRepository' of type [null] on target object [com.tutoringplatform.services.ReviewService@779de014] or target class [class com.tutoringplatform.services.ReviewService] to value [reviewRepository]
20:40:56.254 [main] DEBUG org.springframework.test.util.ReflectionTestUtils - Setting field 'bookingRepository' of type [null] on target object [com.tutoringplatform.services.ReviewService@779de014] or target class [class com.tutoringplatform.services.ReviewService] to value [bookingRepository]
20:40:56.254 [main] DEBUG org.springframework.test.util.ReflectionTestUtils - Setting field 'tutorRepository' of type [null] on target object [com.tutoringplatform.services.ReviewService@779de014] or target class [class com.tutoringplatform.services.ReviewService] to value [tutorRepository]
20:40:56.255 [main] DEBUG org.springframework.test.util.ReflectionTestUtils - Setting field 'studentRepository' of type [null] on target object [com.tutoringplatform.services.ReviewService@779de014] or target class [class com.tutoringplatform.services.ReviewService] to value [studentRepository]
]]></system-out>
  </testcase>
  <testcase name="testCreateReviewBookingNotCompleted" classname="com.tutoringplatform.services.ReviewServiceTest" time="0.005">
    <system-out><![CDATA[20:40:56.022 [main] DEBUG org.springframework.test.util.ReflectionTestUtils - Setting field 'reviewRepository' of type [null] on target object [com.tutoringplatform.services.ReviewService@28486680] or target class [class com.tutoringplatform.services.ReviewService] to value [reviewRepository]
20:40:56.022 [main] DEBUG org.springframework.test.util.ReflectionTestUtils - Setting field 'bookingRepository' of type [null] on target object [com.tutoringplatform.services.ReviewService@28486680] or target class [class com.tutoringplatform.services.ReviewService] to value [bookingRepository]
20:40:56.023 [main] DEBUG org.springframework.test.util.ReflectionTestUtils - Setting field 'tutorRepository' of type [null] on target object [com.tutoringplatform.services.ReviewService@28486680] or target class [class com.tutoringplatform.services.ReviewService] to value [tutorRepository]
20:40:56.023 [main] DEBUG org.springframework.test.util.ReflectionTestUtils - Setting field 'studentRepository' of type [null] on target object [com.tutoringplatform.services.ReviewService@28486680] or target class [class com.tutoringplatform.services.ReviewService] to value [studentRepository]
]]></system-out>
  </testcase>
  <testcase name="testCreateReviewBookingNotCompleted" classname="com.tutoringplatform.services.ReviewServiceTest" time="0.005">
    <system-out><![CDATA[20:40:56.263 [main] DEBUG org.springframework.test.util.ReflectionTestUtils - Setting field 'reviewRepository' of type [null] on target object [com.tutoringplatform.services.ReviewService@c68a5f8] or target class [class com.tutoringplatform.services.ReviewService] to value [reviewRepository]
20:40:56.264 [main] DEBUG org.springframework.test.util.ReflectionTestUtils - Setting field 'bookingRepository' of type [null] on target object [com.tutoringplatform.services.ReviewService@c68a5f8] or target class [class com.tutoringplatform.services.ReviewService] to value [bookingRepository]
20:40:56.264 [main] DEBUG org.springframework.test.util.ReflectionTestUtils - Setting field 'tutorRepository' of type [null] on target object [com.tutoringplatform.services.ReviewService@c68a5f8] or target class [class com.tutoringplatform.services.ReviewService] to value [tutorRepository]
20:40:56.264 [main] DEBUG org.springframework.test.util.ReflectionTestUtils - Setting field 'studentRepository' of type [null] on target object [com.tutoringplatform.services.ReviewService@c68a5f8] or target class [class com.tutoringplatform.services.ReviewService] to value [studentRepository]
]]></system-out>
  </testcase>
  <testcase name="testCreateReviewBookingNotFound" classname="com.tutoringplatform.services.ReviewServiceTest" time="0.003">
    <system-out><![CDATA[20:40:56.029 [main] DEBUG org.springframework.test.util.ReflectionTestUtils - Setting field 'reviewRepository' of type [null] on target object [com.tutoringplatform.services.ReviewService@294bdeb4] or target class [class com.tutoringplatform.services.ReviewService] to value [reviewRepository]
20:40:56.029 [main] DEBUG org.springframework.test.util.ReflectionTestUtils - Setting field 'bookingRepository' of type [null] on target object [com.tutoringplatform.services.ReviewService@294bdeb4] or target class [class com.tutoringplatform.services.ReviewService] to value [bookingRepository]
20:40:56.029 [main] DEBUG org.springframework.test.util.ReflectionTestUtils - Setting field 'tutorRepository' of type [null] on target object [com.tutoringplatform.services.ReviewService@294bdeb4] or target class [class com.tutoringplatform.services.ReviewService] to value [tutorRepository]
20:40:56.030 [main] DEBUG org.springframework.test.util.ReflectionTestUtils - Setting field 'studentRepository' of type [null] on target object [com.tutoringplatform.services.ReviewService@294bdeb4] or target class [class com.tutoringplatform.services.ReviewService] to value [studentRepository]
]]></system-out>
  </testcase>
  <testcase name="testCreateReviewBookingNotFound" classname="com.tutoringplatform.services.ReviewServiceTest" time="0.01">
    <system-out><![CDATA[20:40:56.272 [main] DEBUG org.springframework.test.util.ReflectionTestUtils - Setting field 'reviewRepository' of type [null] on target object [com.tutoringplatform.services.ReviewService@796d3c9f] or target class [class com.tutoringplatform.services.ReviewService] to value [reviewRepository]
20:40:56.274 [main] DEBUG org.springframework.test.util.ReflectionTestUtils - Setting field 'bookingRepository' of type [null] on target object [com.tutoringplatform.services.ReviewService@796d3c9f] or target class [class com.tutoringplatform.services.ReviewService] to value [bookingRepository]
20:40:56.275 [main] DEBUG org.springframework.test.util.ReflectionTestUtils - Setting field 'tutorRepository' of type [null] on target object [com.tutoringplatform.services.ReviewService@796d3c9f] or target class [class com.tutoringplatform.services.ReviewService] to value [tutorRepository]
20:40:56.275 [main] DEBUG org.springframework.test.util.ReflectionTestUtils - Setting field 'studentRepository' of type [null] on target object [com.tutoringplatform.services.ReviewService@796d3c9f] or target class [class com.tutoringplatform.services.ReviewService] to value [studentRepository]
]]></system-out>
  </testcase>
  <testcase name="testCreateReviewInvalidRating" classname="com.tutoringplatform.services.ReviewServiceTest" time="0.007">
    <system-out><![CDATA[20:40:56.034 [main] DEBUG org.springframework.test.util.ReflectionTestUtils - Setting field 'reviewRepository' of type [null] on target object [com.tutoringplatform.services.ReviewService@5488b5c5] or target class [class com.tutoringplatform.services.ReviewService] to value [reviewRepository]
20:40:56.035 [main] DEBUG org.springframework.test.util.ReflectionTestUtils - Setting field 'bookingRepository' of type [null] on target object [com.tutoringplatform.services.ReviewService@5488b5c5] or target class [class com.tutoringplatform.services.ReviewService] to value [bookingRepository]
20:40:56.036 [main] DEBUG org.springframework.test.util.ReflectionTestUtils - Setting field 'tutorRepository' of type [null] on target object [com.tutoringplatform.services.ReviewService@5488b5c5] or target class [class com.tutoringplatform.services.ReviewService] to value [tutorRepository]
20:40:56.036 [main] DEBUG org.springframework.test.util.ReflectionTestUtils - Setting field 'studentRepository' of type [null] on target object [com.tutoringplatform.services.ReviewService@5488b5c5] or target class [class com.tutoringplatform.services.ReviewService] to value [studentRepository]
]]></system-out>
  </testcase>
  <testcase name="testCreateReviewInvalidRating" classname="com.tutoringplatform.services.ReviewServiceTest" time="0.007">
    <system-out><![CDATA[20:40:56.281 [main] DEBUG org.springframework.test.util.ReflectionTestUtils - Setting field 'reviewRepository' of type [null] on target object [com.tutoringplatform.services.ReviewService@6ef7623] or target class [class com.tutoringplatform.services.ReviewService] to value [reviewRepository]
20:40:56.282 [main] DEBUG org.springframework.test.util.ReflectionTestUtils - Setting field 'bookingRepository' of type [null] on target object [com.tutoringplatform.services.ReviewService@6ef7623] or target class [class com.tutoringplatform.services.ReviewService] to value [bookingRepository]
20:40:56.282 [main] DEBUG org.springframework.test.util.ReflectionTestUtils - Setting field 'tutorRepository' of type [null] on target object [com.tutoringplatform.services.ReviewService@6ef7623] or target class [class com.tutoringplatform.services.ReviewService] to value [tutorRepository]
20:40:56.282 [main] DEBUG org.springframework.test.util.ReflectionTestUtils - Setting field 'studentRepository' of type [null] on target object [com.tutoringplatform.services.ReviewService@6ef7623] or target class [class com.tutoringplatform.services.ReviewService] to value [studentRepository]
]]></system-out>
  </testcase>
  <testcase name="testFindByTutor" classname="com.tutoringplatform.services.ReviewServiceTest" time="0.01">
    <system-out><![CDATA[20:40:56.044 [main] DEBUG org.springframework.test.util.ReflectionTestUtils - Setting field 'reviewRepository' of type [null] on target object [com.tutoringplatform.services.ReviewService@69e308c6] or target class [class com.tutoringplatform.services.ReviewService] to value [reviewRepository]
20:40:56.047 [main] DEBUG org.springframework.test.util.ReflectionTestUtils - Setting field 'bookingRepository' of type [null] on target object [com.tutoringplatform.services.ReviewService@69e308c6] or target class [class com.tutoringplatform.services.ReviewService] to value [bookingRepository]
20:40:56.047 [main] DEBUG org.springframework.test.util.ReflectionTestUtils - Setting field 'tutorRepository' of type [null] on target object [com.tutoringplatform.services.ReviewService@69e308c6] or target class [class com.tutoringplatform.services.ReviewService] to value [tutorRepository]
20:40:56.048 [main] DEBUG org.springframework.test.util.ReflectionTestUtils - Setting field 'studentRepository' of type [null] on target object [com.tutoringplatform.services.ReviewService@69e308c6] or target class [class com.tutoringplatform.services.ReviewService] to value [studentRepository]
]]></system-out>
  </testcase>
  <testcase name="testFindByTutor" classname="com.tutoringplatform.services.ReviewServiceTest" time="0.008">
    <system-out><![CDATA[20:40:56.290 [main] DEBUG org.springframework.test.util.ReflectionTestUtils - Setting field 'reviewRepository' of type [null] on target object [com.tutoringplatform.services.ReviewService@66908383] or target class [class com.tutoringplatform.services.ReviewService] to value [reviewRepository]
20:40:56.291 [main] DEBUG org.springframework.test.util.ReflectionTestUtils - Setting field 'bookingRepository' of type [null] on target object [com.tutoringplatform.services.ReviewService@66908383] or target class [class com.tutoringplatform.services.ReviewService] to value [bookingRepository]
20:40:56.291 [main] DEBUG org.springframework.test.util.ReflectionTestUtils - Setting field 'tutorRepository' of type [null] on target object [com.tutoringplatform.services.ReviewService@66908383] or target class [class com.tutoringplatform.services.ReviewService] to value [tutorRepository]
20:40:56.291 [main] DEBUG org.springframework.test.util.ReflectionTestUtils - Setting field 'studentRepository' of type [null] on target object [com.tutoringplatform.services.ReviewService@66908383] or target class [class com.tutoringplatform.services.ReviewService] to value [studentRepository]
]]></system-out>
  </testcase>
  <testcase name="testFindByStudent" classname="com.tutoringplatform.services.ReviewServiceTest" time="0.014">
    <system-out><![CDATA[20:40:56.062 [main] DEBUG org.springframework.test.util.ReflectionTestUtils - Setting field 'reviewRepository' of type [null] on target object [com.tutoringplatform.services.ReviewService@7af1cd63] or target class [class com.tutoringplatform.services.ReviewService] to value [reviewRepository]
20:40:56.063 [main] DEBUG org.springframework.test.util.ReflectionTestUtils - Setting field 'bookingRepository' of type [null] on target object [com.tutoringplatform.services.ReviewService@7af1cd63] or target class [class com.tutoringplatform.services.ReviewService] to value [bookingRepository]
20:40:56.064 [main] DEBUG org.springframework.test.util.ReflectionTestUtils - Setting field 'tutorRepository' of type [null] on target object [com.tutoringplatform.services.ReviewService@7af1cd63] or target class [class com.tutoringplatform.services.ReviewService] to value [tutorRepository]
20:40:56.065 [main] DEBUG org.springframework.test.util.ReflectionTestUtils - Setting field 'studentRepository' of type [null] on target object [com.tutoringplatform.services.ReviewService@7af1cd63] or target class [class com.tutoringplatform.services.ReviewService] to value [studentRepository]
]]></system-out>
  </testcase>
  <testcase name="testFindByStudent" classname="com.tutoringplatform.services.ReviewServiceTest" time="0.009">
    <system-out><![CDATA[20:40:56.302 [main] DEBUG org.springframework.test.util.ReflectionTestUtils - Setting field 'reviewRepository' of type [null] on target object [com.tutoringplatform.services.ReviewService@4b6ac111] or target class [class com.tutoringplatform.services.ReviewService] to value [reviewRepository]
20:40:56.302 [main] DEBUG org.springframework.test.util.ReflectionTestUtils - Setting field 'bookingRepository' of type [null] on target object [com.tutoringplatform.services.ReviewService@4b6ac111] or target class [class com.tutoringplatform.services.ReviewService] to value [bookingRepository]
20:40:56.302 [main] DEBUG org.springframework.test.util.ReflectionTestUtils - Setting field 'tutorRepository' of type [null] on target object [com.tutoringplatform.services.ReviewService@4b6ac111] or target class [class com.tutoringplatform.services.ReviewService] to value [tutorRepository]
20:40:56.303 [main] DEBUG org.springframework.test.util.ReflectionTestUtils - Setting field 'studentRepository' of type [null] on target object [com.tutoringplatform.services.ReviewService@4b6ac111] or target class [class com.tutoringplatform.services.ReviewService] to value [studentRepository]
]]></system-out>
  </testcase>
  <testcase name="testTutorAverageRating" classname="com.tutoringplatform.services.ReviewServiceTest" time="0.02">
    <system-out><![CDATA[20:40:56.075 [main] DEBUG org.springframework.test.util.ReflectionTestUtils - Setting field 'reviewRepository' of type [null] on target object [com.tutoringplatform.services.ReviewService@381cad29] or target class [class com.tutoringplatform.services.ReviewService] to value [reviewRepository]
20:40:56.076 [main] DEBUG org.springframework.test.util.ReflectionTestUtils - Setting field 'bookingRepository' of type [null] on target object [com.tutoringplatform.services.ReviewService@381cad29] or target class [class com.tutoringplatform.services.ReviewService] to value [bookingRepository]
20:40:56.077 [main] DEBUG org.springframework.test.util.ReflectionTestUtils - Setting field 'tutorRepository' of type [null] on target object [com.tutoringplatform.services.ReviewService@381cad29] or target class [class com.tutoringplatform.services.ReviewService] to value [tutorRepository]
20:40:56.078 [main] DEBUG org.springframework.test.util.ReflectionTestUtils - Setting field 'studentRepository' of type [null] on target object [com.tutoringplatform.services.ReviewService@381cad29] or target class [class com.tutoringplatform.services.ReviewService] to value [studentRepository]
]]></system-out>
  </testcase>
  <testcase name="testTutorAverageRating" classname="com.tutoringplatform.services.ReviewServiceTest" time="0.011">
    <system-out><![CDATA[20:40:56.309 [main] DEBUG org.springframework.test.util.ReflectionTestUtils - Setting field 'reviewRepository' of type [null] on target object [com.tutoringplatform.services.ReviewService@17ca8b92] or target class [class com.tutoringplatform.services.ReviewService] to value [reviewRepository]
20:40:56.310 [main] DEBUG org.springframework.test.util.ReflectionTestUtils - Setting field 'bookingRepository' of type [null] on target object [com.tutoringplatform.services.ReviewService@17ca8b92] or target class [class com.tutoringplatform.services.ReviewService] to value [bookingRepository]
20:40:56.311 [main] DEBUG org.springframework.test.util.ReflectionTestUtils - Setting field 'tutorRepository' of type [null] on target object [com.tutoringplatform.services.ReviewService@17ca8b92] or target class [class com.tutoringplatform.services.ReviewService] to value [tutorRepository]
20:40:56.312 [main] DEBUG org.springframework.test.util.ReflectionTestUtils - Setting field 'studentRepository' of type [null] on target object [com.tutoringplatform.services.ReviewService@17ca8b92] or target class [class com.tutoringplatform.services.ReviewService] to value [studentRepository]
]]></system-out>
  </testcase>
</testsuite>